<?xml version="1.0" encoding="UTF-8"?>
<testng-results ignored="0" total="1" passed="1" failed="0" skipped="0">
  <reporter-output>
  </reporter-output>
  <suite started-at="2022-01-19T16:23:49 IST" name="webdrivermaven.LoginTest" finished-at="2022-01-19T16:23:52 IST" duration-ms="3378">
    <groups>
    </groups>
    <test started-at="2022-01-19T16:23:49 IST" name="Command line test" finished-at="2022-01-19T16:23:52 IST" duration-ms="3378">
      <class name="webdrivermaven.LoginTest">
        <test-method is-config="true" signature="setUp()[pri:0, instance:webdrivermaven.LoginTest@35cabb2a]" started-at="2022-01-19T16:23:47 IST" name="setUp" finished-at="2022-01-19T16:23:49 IST" duration-ms="1521" status="PASS">
          <reporter-output>
          </reporter-output>
        </test-method> <!-- setUp -->
        <test-method signature="doLogin()[pri:0, instance:webdrivermaven.LoginTest@35cabb2a]" started-at="2022-01-19T16:23:49 IST" name="doLogin" finished-at="2022-01-19T16:23:52 IST" duration-ms="3343" status="PASS">
          <reporter-output>
          </reporter-output>
        </test-method> <!-- doLogin -->
        <test-method is-config="true" signature="tearDown()[pri:0, instance:webdrivermaven.LoginTest@35cabb2a]" started-at="2022-01-19T16:23:52 IST" name="tearDown" finished-at="2022-01-19T16:23:53 IST" duration-ms="400" status="PASS">
          <reporter-output>
          </reporter-output>
        </test-method> <!-- tearDown -->
      </class> <!-- webdrivermaven.LoginTest -->
    </test> <!-- Command line test -->
  </suite> <!-- webdrivermaven.LoginTest -->
</testng-results>
