<?xml version="1.0" encoding="UTF-8"?>
<testng-results ignored="0" total="1" passed="1" failed="0" skipped="0">
  <reporter-output>
  </reporter-output>
  <suite started-at="2022-01-19T16:22:19 IST" name="Default suite" finished-at="2022-01-19T16:22:22 IST" duration-ms="2991">
    <groups>
    </groups>
    <test started-at="2022-01-19T16:22:19 IST" name="Default test" finished-at="2022-01-19T16:22:22 IST" duration-ms="2991">
      <class name="webdrivermaven.LoginTest">
        <test-method is-config="true" signature="setUp()[pri:0, instance:webdrivermaven.LoginTest@a2431d0]" started-at="2022-01-19T16:22:18 IST" name="setUp" finished-at="2022-01-19T16:22:19 IST" duration-ms="1518" status="PASS">
          <reporter-output>
          </reporter-output>
        </test-method> <!-- setUp -->
        <test-method signature="doLogin()[pri:0, instance:webdrivermaven.LoginTest@a2431d0]" started-at="2022-01-19T16:22:19 IST" name="doLogin" finished-at="2022-01-19T16:22:22 IST" duration-ms="2962" status="PASS">
          <reporter-output>
          </reporter-output>
        </test-method> <!-- doLogin -->
        <test-method is-config="true" signature="tearDown()[pri:0, instance:webdrivermaven.LoginTest@a2431d0]" started-at="2022-01-19T16:22:22 IST" name="tearDown" finished-at="2022-01-19T16:22:23 IST" duration-ms="460" status="PASS">
          <reporter-output>
          </reporter-output>
        </test-method> <!-- tearDown -->
      </class> <!-- webdrivermaven.LoginTest -->
    </test> <!-- Default test -->
  </suite> <!-- Default suite -->
</testng-results>
